{"numFailedTestSuites":0,"numFailedTests":0,"numPassedTestSuites":1,"numPassedTests":3,"numPendingTestSuites":0,"numPendingTests":0,"numRuntimeErrorTestSuites":0,"numTotalTestSuites":1,"numTotalTests":3,"openHandles":[],"snapshot":{"added":2,"didUpdate":false,"failure":false,"filesAdded":1,"filesRemoved":0,"filesUnmatched":0,"filesUpdated":0,"matched":0,"total":2,"unchecked":0,"uncheckedKeysByFile":[],"unmatched":0,"updated":0},"startTime":1606837685706,"success":true,"testResults":[{"assertionResults":[{"ancestorTitles":["AdvancedSearch Unit Tests:"],"failureMessages":[],"fullName":"AdvancedSearch Unit Tests: AdvancedSearch has 3 sections","location":null,"status":"passed","title":"AdvancedSearch has 3 sections"},{"ancestorTitles":["Storyshots","Components/AdvancedSearch Snapshots:"],"failureMessages":[],"fullName":"Storyshots Components/AdvancedSearch Snapshots: AdvancedSearch Default","location":null,"status":"passed","title":"AdvancedSearch Default"},{"ancestorTitles":["Storyshots","Components/AdvancedSearch Snapshots:"],"failureMessages":[],"fullName":"Storyshots Components/AdvancedSearch Snapshots: AdvancedSearch Packages","location":null,"status":"passed","title":"AdvancedSearch Packages"}],"endTime":1606837691211,"message":"","name":"/Users/calumbutler/Projects/gigantum-client/ui/src/js/components/advancedSearch/__tests__/AdvancedSearch.test.js","startTime":1606837687254,"status":"passed","summary":""}],"wasInterrupted":false}